# JRE version: OpenJDK Runtime Environment (8.0_152-b01) (build 1.8.0_152-release-915-b01)
# Java VM: OpenJDK 64-Bit Server VM (25.152-b01 mixed mode windows-amd64 compressed oops)
Heap:
 PSYoungGen      total 158208K, used 25861K [0x00000000e0000000, 0x00000000ec900000, 0x0000000100000000)
  eden space 146432K, 17% used [0x00000000e0000000,0x00000000e19415c8,0x00000000e8f00000)
  from space 11776K, 0% used [0x00000000e9b00000,0x00000000e9b00000,0x00000000ea680000)
  to   space 12288K, 0% used [0x00000000e8f00000,0x00000000e8f00000,0x00000000e9b00000)
 ParOldGen       total 92672K, used 17088K [0x00000000a0000000, 0x00000000a5a80000, 0x00000000e0000000)
  object space 92672K, 18% used [0x00000000a0000000,0x00000000a10b0030,0x00000000a5a80000)
 Metaspace       used 38769K, capacity 39632K, committed 39936K, reserved 1083392K
  class space    used 5270K, capacity 5597K, committed 5632K, reserved 1048576K
GC Heap History (10 events):
Event: 2.354 GC heap before
{Heap before GC invocations=6 (full 1):
 PSYoungGen      total 70656K, used 5096K [0x00000000e0000000, 0x00000000e9400000, 0x0000000100000000)
  eden space 65536K, 0% used [0x00000000e0000000,0x00000000e0000000,0x00000000e4000000)
  from space 5120K, 99% used [0x00000000e4000000,0x00000000e44fa070,0x00000000e4500000)
  to   space 10240K, 0% used [0x00000000e8a00000,0x00000000e8a00000,0x00000000e9400000)
 ParOldGen       total 86016K, used 8841K [0x00000000a0000000, 0x00000000a5400000, 0x00000000e0000000)
  object space 86016K, 10% used [0x00000000a0000000,0x00000000a08a27f0,0x00000000a5400000)
 Metaspace       used 20841K, capacity 21194K, committed 21248K, reserved 1067008K
  class space    used 2909K, capacity 3040K, committed 3072K, reserved 1048576K
Event: 2.394 GC heap after
Heap after GC invocations=6 (full 1):
 PSYoungGen      total 70656K, used 0K [0x00000000e0000000, 0x00000000e9400000, 0x0000000100000000)
  eden space 65536K, 0% used [0x00000000e0000000,0x00000000e0000000,0x00000000e4000000)
  from space 5120K, 0% used [0x00000000e4000000,0x00000000e4000000,0x00000000e4500000)
  to   space 10240K, 0% used [0x00000000e8a00000,0x00000000e8a00000,0x00000000e9400000)
 ParOldGen       total 60928K, used 8409K [0x00000000a0000000, 0x00000000a3b80000, 0x00000000e0000000)
  object space 60928K, 13% used [0x00000000a0000000,0x00000000a0836458,0x00000000a3b80000)
 Metaspace       used 20841K, capacity 21194K, committed 21248K, reserved 1067008K
  class space    used 2909K, capacity 3040K, committed 3072K, reserved 1048576K
}
Event: 3.376 GC heap before
{Heap before GC invocations=7 (full 1):
 PSYoungGen      total 70656K, used 65499K [0x00000000e0000000, 0x00000000e9400000, 0x0000000100000000)
  eden space 65536K, 99% used [0x00000000e0000000,0x00000000e3ff6cc0,0x00000000e4000000)
  from space 5120K, 0% used [0x00000000e4000000,0x00000000e4000000,0x00000000e4500000)
  to   space 10240K, 0% used [0x00000000e8a00000,0x00000000e8a00000,0x00000000e9400000)
 ParOldGen       total 60928K, used 8409K [0x00000000a0000000, 0x00000000a3b80000, 0x00000000e0000000)
  object space 60928K, 13% used [0x00000000a0000000,0x00000000a0836458,0x00000000a3b80000)
 Metaspace       used 25987K, capacity 26476K, committed 26624K, reserved 1073152K
  class space    used 3628K, capacity 3811K, committed 3840K, reserved 1048576K
Event: 3.387 GC heap after
Heap after GC invocations=7 (full 1):
 PSYoungGen      total 107008K, used 7038K [0x00000000e0000000, 0x00000000e9100000, 0x0000000100000000)
  eden space 99840K, 0% used [0x00000000e0000000,0x00000000e0000000,0x00000000e6180000)
  from space 7168K, 98% used [0x00000000e8a00000,0x00000000e90dfb20,0x00000000e9100000)
  to   space 9728K, 0% used [0x00000000e7e00000,0x00000000e7e00000,0x00000000e8780000)
 ParOldGen       total 60928K, used 8417K [0x00000000a0000000, 0x00000000a3b80000, 0x00000000e0000000)
  object space 60928K, 13% used [0x00000000a0000000,0x00000000a0838458,0x00000000a3b80000)
 Metaspace       used 25987K, capacity 26476K, committed 26624K, reserved 1073152K
  class space    used 3628K, capacity 3811K, committed 3840K, reserved 1048576K
}
Event: 7.399 GC heap before
{Heap before GC invocations=8 (full 1):
 PSYoungGen      total 107008K, used 106878K [0x00000000e0000000, 0x00000000e9100000, 0x0000000100000000)
  eden space 99840K, 100% used [0x00000000e0000000,0x00000000e6180000,0x00000000e6180000)
  from space 7168K, 98% used [0x00000000e8a00000,0x00000000e90dfb20,0x00000000e9100000)
  to   space 9728K, 0% used [0x00000000e7e00000,0x00000000e7e00000,0x00000000e8780000)
 ParOldGen       total 60928K, used 8417K [0x00000000a0000000, 0x00000000a3b80000, 0x00000000e0000000)
  object space 60928K, 13% used [0x00000000a0000000,0x00000000a0838458,0x00000000a3b80000)
 Metaspace       used 32087K, capacity 32808K, committed 33152K, reserved 1077248K
  class space    used 4422K, capacity 4683K, committed 4736K, reserved 1048576K
Event: 7.416 GC heap after
Heap after GC invocations=8 (full 1):
 PSYoungGen      total 138752K, used 9707K [0x00000000e0000000, 0x00000000ea680000, 0x0000000100000000)
  eden space 129024K, 0% used [0x00000000e0000000,0x00000000e0000000,0x00000000e7e00000)
  from space 9728K, 99% used [0x00000000e7e00000,0x00000000e877aef8,0x00000000e8780000)
  to   space 11776K, 0% used [0x00000000e9b00000,0x00000000e9b00000,0x00000000ea680000)
 ParOldGen       total 60928K, used 9853K [0x00000000a0000000, 0x00000000a3b80000, 0x00000000e0000000)
  object space 60928K, 16% used [0x00000000a0000000,0x00000000a099f550,0x00000000a3b80000)
 Metaspace       used 32087K, capacity 32808K, committed 33152K, reserved 1077248K
  class space    used 4422K, capacity 4683K, committed 4736K, reserved 1048576K
}
Event: 16.893 GC heap before
{Heap before GC invocations=9 (full 1):
 PSYoungGen      total 138752K, used 40288K [0x00000000e0000000, 0x00000000ea680000, 0x0000000100000000)
  eden space 129024K, 23% used [0x00000000e0000000,0x00000000e1ddd2d8,0x00000000e7e00000)
  from space 9728K, 99% used [0x00000000e7e00000,0x00000000e877aef8,0x00000000e8780000)
  to   space 11776K, 0% used [0x00000000e9b00000,0x00000000e9b00000,0x00000000ea680000)
 ParOldGen       total 60928K, used 9853K [0x00000000a0000000, 0x00000000a3b80000, 0x00000000e0000000)
  object space 60928K, 16% used [0x00000000a0000000,0x00000000a099f550,0x00000000a3b80000)
 Metaspace       used 34458K, capacity 35308K, committed 35416K, reserved 1079296K
  class space    used 4739K, capacity 5074K, committed 5120K, reserved 1048576K
Event: 16.906 GC heap after
Heap after GC invocations=9 (full 1):
 PSYoungGen      total 158208K, used 10327K [0x00000000e0000000, 0x00000000ec900000, 0x0000000100000000)
  eden space 146432K, 0% used [0x00000000e0000000,0x00000000e0000000,0x00000000e8f00000)
  from space 11776K, 87% used [0x00000000e9b00000,0x00000000ea515ff8,0x00000000ea680000)
  to   space 12288K, 0% used [0x00000000e8f00000,0x00000000e8f00000,0x00000000e9b00000)
 ParOldGen       total 60928K, used 9861K [0x00000000a0000000, 0x00000000a3b80000, 0x00000000e0000000)
  object space 60928K, 16% used [0x00000000a0000000,0x00000000a09a1550,0x00000000a3b80000)
 Metaspace       used 34458K, capacity 35308K, committed 35416K, reserved 1079296K
  class space    used 4739K, capacity 5074K, committed 5120K, reserved 1048576K
}
Event: 16.906 GC heap before
{Heap before GC invocations=10 (full 2):
 PSYoungGen      total 158208K, used 10327K [0x00000000e0000000, 0x00000000ec900000, 0x0000000100000000)
  eden space 146432K, 0% used [0x00000000e0000000,0x00000000e0000000,0x00000000e8f00000)
  from space 11776K, 87% used [0x00000000e9b00000,0x00000000ea515ff8,0x00000000ea680000)
  to   space 12288K, 0% used [0x00000000e8f00000,0x00000000e8f00000,0x00000000e9b00000)
 ParOldGen       total 60928K, used 9861K [0x00000000a0000000, 0x00000000a3b80000, 0x00000000e0000000)
  object space 60928K, 16% used [0x00000000a0000000,0x00000000a09a1550,0x00000000a3b80000)
 Metaspace       used 34458K, capacity 35308K, committed 35416K, reserved 1079296K
  class space    used 4739K, capacity 5074K, committed 5120K, reserved 1048576K
Event: 16.976 GC heap after
Heap after GC invocations=10 (full 2):
 PSYoungGen      total 158208K, used 0K [0x00000000e0000000, 0x00000000ec900000, 0x0000000100000000)
  eden space 146432K, 0% used [0x00000000e0000000,0x00000000e0000000,0x00000000e8f00000)
  from space 11776K, 0% used [0x00000000e9b00000,0x00000000e9b00000,0x00000000ea680000)
  to   space 12288K, 0% used [0x00000000e8f00000,0x00000000e8f00000,0x00000000e9b00000)
 ParOldGen       total 92672K, used 17088K [0x00000000a0000000, 0x00000000a5a80000, 0x00000000e0000000)
  object space 92672K, 18% used [0x00000000a0000000,0x00000000a10b0030,0x00000000a5a80000)
 Metaspace       used 34458K, capacity 35308K, committed 35416K, reserved 1079296K
  class space    used 4739K, capacity 5074K, committed 5120K, reserved 1048576K
}

