# JRE version: OpenJDK Runtime Environment (8.0_152-b01) (build 1.8.0_152-release-915-b01)
# Java VM: OpenJDK 64-Bit Server VM (25.152-b01 mixed mode windows-amd64 compressed oops)
Heap:
 PSYoungGen      total 152576K, used 31125K [0x00000000e0000000, 0x00000000ed580000, 0x0000000100000000)
  eden space 141312K, 22% used [0x00000000e0000000,0x00000000e1e65568,0x00000000e8a00000)
  from space 11264K, 0% used [0x00000000e9600000,0x00000000e9600000,0x00000000ea100000)
  to   space 12288K, 0% used [0x00000000e8a00000,0x00000000e8a00000,0x00000000e9600000)
 ParOldGen       total 62976K, used 17088K [0x00000000a0000000, 0x00000000a3d80000, 0x00000000e0000000)
  object space 62976K, 27% used [0x00000000a0000000,0x00000000a10b00d0,0x00000000a3d80000)
 Metaspace       used 38940K, capacity 39856K, committed 40192K, reserved 1083392K
  class space    used 5291K, capacity 5629K, committed 5632K, reserved 1048576K
GC Heap History (10 events):
Event: 3.117 GC heap before
{Heap before GC invocations=6 (full 1):
 PSYoungGen      total 70656K, used 5096K [0x00000000e0000000, 0x00000000e9400000, 0x0000000100000000)
  eden space 65536K, 0% used [0x00000000e0000000,0x00000000e0000000,0x00000000e4000000)
  from space 5120K, 99% used [0x00000000e4000000,0x00000000e44fa050,0x00000000e4500000)
  to   space 10240K, 0% used [0x00000000e8a00000,0x00000000e8a00000,0x00000000e9400000)
 ParOldGen       total 86016K, used 8991K [0x00000000a0000000, 0x00000000a5400000, 0x00000000e0000000)
  object space 86016K, 10% used [0x00000000a0000000,0x00000000a08c7e10,0x00000000a5400000)
 Metaspace       used 20812K, capacity 21194K, committed 21248K, reserved 1067008K
  class space    used 2899K, capacity 3040K, committed 3072K, reserved 1048576K
Event: 3.172 GC heap after
Heap after GC invocations=6 (full 1):
 PSYoungGen      total 70656K, used 0K [0x00000000e0000000, 0x00000000e9400000, 0x0000000100000000)
  eden space 65536K, 0% used [0x00000000e0000000,0x00000000e0000000,0x00000000e4000000)
  from space 5120K, 0% used [0x00000000e4000000,0x00000000e4000000,0x00000000e4500000)
  to   space 10240K, 0% used [0x00000000e8a00000,0x00000000e8a00000,0x00000000e9400000)
 ParOldGen       total 62976K, used 8543K [0x00000000a0000000, 0x00000000a3d80000, 0x00000000e0000000)
  object space 62976K, 13% used [0x00000000a0000000,0x00000000a0857e30,0x00000000a3d80000)
 Metaspace       used 20812K, capacity 21194K, committed 21248K, reserved 1067008K
  class space    used 2899K, capacity 3040K, committed 3072K, reserved 1048576K
}
Event: 3.831 GC heap before
{Heap before GC invocations=7 (full 1):
 PSYoungGen      total 70656K, used 65536K [0x00000000e0000000, 0x00000000e9400000, 0x0000000100000000)
  eden space 65536K, 100% used [0x00000000e0000000,0x00000000e4000000,0x00000000e4000000)
  from space 5120K, 0% used [0x00000000e4000000,0x00000000e4000000,0x00000000e4500000)
  to   space 10240K, 0% used [0x00000000e8a00000,0x00000000e8a00000,0x00000000e9400000)
 ParOldGen       total 62976K, used 8543K [0x00000000a0000000, 0x00000000a3d80000, 0x00000000e0000000)
  object space 62976K, 13% used [0x00000000a0000000,0x00000000a0857e30,0x00000000a3d80000)
 Metaspace       used 26097K, capacity 26546K, committed 26624K, reserved 1073152K
  class space    used 3640K, capacity 3812K, committed 3840K, reserved 1048576K
Event: 3.840 GC heap after
Heap after GC invocations=7 (full 1):
 PSYoungGen      total 103936K, used 6926K [0x00000000e0000000, 0x00000000e9100000, 0x0000000100000000)
  eden space 96768K, 0% used [0x00000000e0000000,0x00000000e0000000,0x00000000e5e80000)
  from space 7168K, 96% used [0x00000000e8a00000,0x00000000e90c3be0,0x00000000e9100000)
  to   space 9728K, 0% used [0x00000000e7e00000,0x00000000e7e00000,0x00000000e8780000)
 ParOldGen       total 62976K, used 8551K [0x00000000a0000000, 0x00000000a3d80000, 0x00000000e0000000)
  object space 62976K, 13% used [0x00000000a0000000,0x00000000a0859e30,0x00000000a3d80000)
 Metaspace       used 26097K, capacity 26546K, committed 26624K, reserved 1073152K
  class space    used 3640K, capacity 3812K, committed 3840K, reserved 1048576K
}
Event: 5.006 GC heap before
{Heap before GC invocations=8 (full 1):
 PSYoungGen      total 103936K, used 103694K [0x00000000e0000000, 0x00000000e9100000, 0x0000000100000000)
  eden space 96768K, 100% used [0x00000000e0000000,0x00000000e5e80000,0x00000000e5e80000)
  from space 7168K, 96% used [0x00000000e8a00000,0x00000000e90c3be0,0x00000000e9100000)
  to   space 9728K, 0% used [0x00000000e7e00000,0x00000000e7e00000,0x00000000e8780000)
 ParOldGen       total 62976K, used 8551K [0x00000000a0000000, 0x00000000a3d80000, 0x00000000e0000000)
  object space 62976K, 13% used [0x00000000a0000000,0x00000000a0859e30,0x00000000a3d80000)
 Metaspace       used 32135K, capacity 32808K, committed 33152K, reserved 1077248K
  class space    used 4427K, capacity 4683K, committed 4736K, reserved 1048576K
Event: 5.024 GC heap after
Heap after GC invocations=8 (full 1):
 PSYoungGen      total 138752K, used 9707K [0x00000000e0000000, 0x00000000ea100000, 0x0000000100000000)
  eden space 129024K, 0% used [0x00000000e0000000,0x00000000e0000000,0x00000000e7e00000)
  from space 9728K, 99% used [0x00000000e7e00000,0x00000000e877ae40,0x00000000e8780000)
  to   space 11264K, 0% used [0x00000000e9600000,0x00000000e9600000,0x00000000ea100000)
 ParOldGen       total 62976K, used 9798K [0x00000000a0000000, 0x00000000a3d80000, 0x00000000e0000000)
  object space 62976K, 15% used [0x00000000a0000000,0x00000000a0991908,0x00000000a3d80000)
 Metaspace       used 32135K, capacity 32808K, committed 33152K, reserved 1077248K
  class space    used 4427K, capacity 4683K, committed 4736K, reserved 1048576K
}
Event: 5.525 GC heap before
{Heap before GC invocations=9 (full 1):
 PSYoungGen      total 138752K, used 41157K [0x00000000e0000000, 0x00000000ea100000, 0x0000000100000000)
  eden space 129024K, 24% used [0x00000000e0000000,0x00000000e1eb6900,0x00000000e7e00000)
  from space 9728K, 99% used [0x00000000e7e00000,0x00000000e877ae40,0x00000000e8780000)
  to   space 11264K, 0% used [0x00000000e9600000,0x00000000e9600000,0x00000000ea100000)
 ParOldGen       total 62976K, used 9798K [0x00000000a0000000, 0x00000000a3d80000, 0x00000000e0000000)
  object space 62976K, 15% used [0x00000000a0000000,0x00000000a0991908,0x00000000a3d80000)
 Metaspace       used 34461K, capacity 35276K, committed 35416K, reserved 1079296K
  class space    used 4735K, capacity 5042K, committed 5120K, reserved 1048576K
Event: 5.538 GC heap after
Heap after GC invocations=9 (full 1):
 PSYoungGen      total 152576K, used 10343K [0x00000000e0000000, 0x00000000ed580000, 0x0000000100000000)
  eden space 141312K, 0% used [0x00000000e0000000,0x00000000e0000000,0x00000000e8a00000)
  from space 11264K, 91% used [0x00000000e9600000,0x00000000ea019e58,0x00000000ea100000)
  to   space 12288K, 0% used [0x00000000e8a00000,0x00000000e8a00000,0x00000000e9600000)
 ParOldGen       total 62976K, used 9870K [0x00000000a0000000, 0x00000000a3d80000, 0x00000000e0000000)
  object space 62976K, 15% used [0x00000000a0000000,0x00000000a09a3918,0x00000000a3d80000)
 Metaspace       used 34461K, capacity 35276K, committed 35416K, reserved 1079296K
  class space    used 4735K, capacity 5042K, committed 5120K, reserved 1048576K
}
Event: 5.538 GC heap before
{Heap before GC invocations=10 (full 2):
 PSYoungGen      total 152576K, used 10343K [0x00000000e0000000, 0x00000000ed580000, 0x0000000100000000)
  eden space 141312K, 0% used [0x00000000e0000000,0x00000000e0000000,0x00000000e8a00000)
  from space 11264K, 91% used [0x00000000e9600000,0x00000000ea019e58,0x00000000ea100000)
  to   space 12288K, 0% used [0x00000000e8a00000,0x00000000e8a00000,0x00000000e9600000)
 ParOldGen       total 62976K, used 9870K [0x00000000a0000000, 0x00000000a3d80000, 0x00000000e0000000)
  object space 62976K, 15% used [0x00000000a0000000,0x00000000a09a3918,0x00000000a3d80000)
 Metaspace       used 34461K, capacity 35276K, committed 35416K, reserved 1079296K
  class space    used 4735K, capacity 5042K, committed 5120K, reserved 1048576K
Event: 5.619 GC heap after
Heap after GC invocations=10 (full 2):
 PSYoungGen      total 152576K, used 0K [0x00000000e0000000, 0x00000000ed580000, 0x0000000100000000)
  eden space 141312K, 0% used [0x00000000e0000000,0x00000000e0000000,0x00000000e8a00000)
  from space 11264K, 0% used [0x00000000e9600000,0x00000000e9600000,0x00000000ea100000)
  to   space 12288K, 0% used [0x00000000e8a00000,0x00000000e8a00000,0x00000000e9600000)
 ParOldGen       total 62976K, used 17088K [0x00000000a0000000, 0x00000000a3d80000, 0x00000000e0000000)
  object space 62976K, 27% used [0x00000000a0000000,0x00000000a10b00d0,0x00000000a3d80000)
 Metaspace       used 34461K, capacity 35276K, committed 35416K, reserved 1079296K
  class space    used 4735K, capacity 5042K, committed 5120K, reserved 1048576K
}

